2017-01-01 20:51:33,193 INFO  [Broker-Config] (o.a.q.s.s.GenericStoreUpgrader) - Broker store has model version 6.0. Number of record(s) 19
2017-01-01 20:51:33,223 INFO  [Broker-Config] (q.m.a.create) - [Broker] ATH-1001 : Create "passwordFile"
2017-01-01 20:51:33,233 INFO  [Broker-Config] (q.m.p.create) - [Broker] PRT-1001 : Create "HTTP"
2017-01-01 20:51:33,233 INFO  [Broker-Config] (q.m.p.create) - [Broker] PRT-1001 : Create "AMQP"
2017-01-01 20:51:33,311 INFO  [Broker-Config] (q.m.b.config) - [Broker] BRK-1006 : Using configuration : /Users/user/workspace/wgu/delete/cvs-search/work/config.json
2017-01-01 20:51:33,465 WARN  [Broker-Config] (o.a.q.s.s.e.AESKeyFileEncrypterFactory) - The AESKeyFile configuration encryption encryption mechanism is not available. Maximum available AES key length is 128 but 256 is required.Ensure the full strength JCE policy has been installed into your JVM.
2017-01-01 20:51:33,467 INFO  [Broker-Config] (q.m.b.startup) - [Broker] BRK-1001 : Startup : Version: 6.0.6 Build: 1775148
2017-01-01 20:51:33,468 INFO  [Broker-Config] (q.m.b.platform) - [Broker] BRK-1010 : Platform : JVM : Oracle Corporation version: 1.8.0_74-b02 OS : Mac OS X version: 10.12.1 arch: x86_64 cores: 8
2017-01-01 20:51:33,469 INFO  [Broker-Config] (q.m.b.max_memory) - [Broker] BRK-1011 : Maximum Memory : Heap : 3,817,865,216 bytes Direct : 3,817,865,216 bytes
2017-01-01 20:51:33,470 INFO  [Broker-Config] (q.m.b.process) - [Broker] BRK-1017 : Process : PID : 92561
2017-01-01 20:51:33,491 ERROR [Broker-Config] (o.a.q.s.m.AbstractConfiguredObject) - Failed to open object with name 'passwordFile'.  Object will be put into ERROR state.
org.apache.qpid.server.configuration.IllegalConfigurationException: Exception opening password database: Cannot find password file ${qpid.home_dir}/etc/passwd
	at org.apache.qpid.server.security.auth.manager.PrincipalDatabaseAuthenticationManager.initialise(PrincipalDatabaseAuthenticationManager.java:188) ~[qpid-broker-core-6.0.6.jar:6.0.6]
	at org.apache.qpid.server.security.auth.manager.PrincipalDatabaseAuthenticationManager.onOpen(PrincipalDatabaseAuthenticationManager.java:155) ~[qpid-broker-core-6.0.6.jar:6.0.6]
	at org.apache.qpid.server.model.AbstractConfiguredObject.doOpening(AbstractConfiguredObject.java:924) [qpid-broker-core-6.0.6.jar:6.0.6]
	at org.apache.qpid.server.model.AbstractConfiguredObject$9.performAction(AbstractConfiguredObject.java:936) [qpid-broker-core-6.0.6.jar:6.0.6]
	at org.apache.qpid.server.model.AbstractConfiguredObject$9.performAction(AbstractConfiguredObject.java:927) [qpid-broker-core-6.0.6.jar:6.0.6]
	at org.apache.qpid.server.model.AbstractConfiguredObject.applyToChildren(AbstractConfiguredObject.java:1067) [qpid-broker-core-6.0.6.jar:6.0.6]
	at org.apache.qpid.server.model.AbstractConfiguredObject.doOpening(AbstractConfiguredObject.java:926) [qpid-broker-core-6.0.6.jar:6.0.6]
	at org.apache.qpid.server.model.AbstractConfiguredObject$1.execute(AbstractConfiguredObject.java:472) [qpid-broker-core-6.0.6.jar:6.0.6]
	at org.apache.qpid.server.model.AbstractConfiguredObject$1.execute(AbstractConfiguredObject.java:460) [qpid-broker-core-6.0.6.jar:6.0.6]
	at org.apache.qpid.server.model.AbstractConfiguredObject$2.execute(AbstractConfiguredObject.java:521) [qpid-broker-core-6.0.6.jar:6.0.6]
	at org.apache.qpid.server.model.AbstractConfiguredObject$2.execute(AbstractConfiguredObject.java:514) [qpid-broker-core-6.0.6.jar:6.0.6]
	at org.apache.qpid.server.configuration.updater.TaskExecutorImpl$TaskLoggingWrapper.execute(TaskExecutorImpl.java:270) [qpid-broker-core-6.0.6.jar:6.0.6]
	at org.apache.qpid.server.configuration.updater.TaskExecutorImpl.submitWrappedTask(TaskExecutorImpl.java:154) [qpid-broker-core-6.0.6.jar:6.0.6]
	at org.apache.qpid.server.configuration.updater.TaskExecutorImpl.submit(TaskExecutorImpl.java:142) [qpid-broker-core-6.0.6.jar:6.0.6]
	at org.apache.qpid.server.model.AbstractConfiguredObject.doOnConfigThread(AbstractConfiguredObject.java:513) [qpid-broker-core-6.0.6.jar:6.0.6]
	at org.apache.qpid.server.model.AbstractConfiguredObject.openAsync(AbstractConfiguredObject.java:459) [qpid-broker-core-6.0.6.jar:6.0.6]
	at org.apache.qpid.server.model.AbstractSystemConfig.activate(AbstractSystemConfig.java:237) [qpid-broker-core-6.0.6.jar:6.0.6]
	at sun.reflect.NativeMethodAccessorImpl.invoke0(Native Method) ~[na:1.8.0_74]
	at sun.reflect.NativeMethodAccessorImpl.invoke(NativeMethodAccessorImpl.java:62) ~[na:1.8.0_74]
	at sun.reflect.DelegatingMethodAccessorImpl.invoke(DelegatingMethodAccessorImpl.java:43) ~[na:1.8.0_74]
	at java.lang.reflect.Method.invoke(Method.java:498) ~[na:1.8.0_74]
	at org.apache.qpid.server.model.AbstractConfiguredObject.attainState(AbstractConfiguredObject.java:1266) [qpid-broker-core-6.0.6.jar:6.0.6]
	at org.apache.qpid.server.model.AbstractConfiguredObject.attainState(AbstractConfiguredObject.java:1245) [qpid-broker-core-6.0.6.jar:6.0.6]
	at org.apache.qpid.server.model.AbstractConfiguredObject$8.onSuccess(AbstractConfiguredObject.java:864) [qpid-broker-core-6.0.6.jar:6.0.6]
	at org.apache.qpid.server.model.AbstractConfiguredObject$8.onSuccess(AbstractConfiguredObject.java:858) [qpid-broker-core-6.0.6.jar:6.0.6]
	at com.google.common.util.concurrent.Futures$6.run(Futures.java:1319) [guava-18.0.jar:na]
	at com.google.common.util.concurrent.MoreExecutors$DirectExecutor.execute(MoreExecutors.java:457) [guava-18.0.jar:na]
	at com.google.common.util.concurrent.ExecutionList.executeListener(ExecutionList.java:156) [guava-18.0.jar:na]
	at com.google.common.util.concurrent.ExecutionList.add(ExecutionList.java:101) [guava-18.0.jar:na]
	at com.google.common.util.concurrent.AbstractFuture.addListener(AbstractFuture.java:170) [guava-18.0.jar:na]
	at com.google.common.util.concurrent.Futures.addCallback(Futures.java:1322) [guava-18.0.jar:na]
	at com.google.common.util.concurrent.Futures.addCallback(Futures.java:1258) [guava-18.0.jar:na]
	at org.apache.qpid.server.model.AbstractConfiguredObject.doAttainState(AbstractConfiguredObject.java:857) [qpid-broker-core-6.0.6.jar:6.0.6]
	at org.apache.qpid.server.model.AbstractConfiguredObject.access$300(AbstractConfiguredObject.java:78) [qpid-broker-core-6.0.6.jar:6.0.6]
	at org.apache.qpid.server.model.AbstractConfiguredObject$1.execute(AbstractConfiguredObject.java:473) [qpid-broker-core-6.0.6.jar:6.0.6]
	at org.apache.qpid.server.model.AbstractConfiguredObject$1.execute(AbstractConfiguredObject.java:460) [qpid-broker-core-6.0.6.jar:6.0.6]
	at org.apache.qpid.server.model.AbstractConfiguredObject$2.execute(AbstractConfiguredObject.java:521) [qpid-broker-core-6.0.6.jar:6.0.6]
	at org.apache.qpid.server.model.AbstractConfiguredObject$2.execute(AbstractConfiguredObject.java:514) [qpid-broker-core-6.0.6.jar:6.0.6]
	at org.apache.qpid.server.configuration.updater.TaskExecutorImpl$TaskLoggingWrapper.execute(TaskExecutorImpl.java:270) [qpid-broker-core-6.0.6.jar:6.0.6]
	at org.apache.qpid.server.configuration.updater.TaskExecutorImpl$CallableWrapper$1.run(TaskExecutorImpl.java:342) [qpid-broker-core-6.0.6.jar:6.0.6]
	at java.security.AccessController.doPrivileged(Native Method) [na:1.8.0_74]
	at javax.security.auth.Subject.doAs(Subject.java:360) [na:1.8.0_74]
	at org.apache.qpid.server.configuration.updater.TaskExecutorImpl$CallableWrapper.call(TaskExecutorImpl.java:335) [qpid-broker-core-6.0.6.jar:6.0.6]
	at java.util.concurrent.FutureTask.run(FutureTask.java:266) [na:1.8.0_74]
	at java.util.concurrent.ThreadPoolExecutor.runWorker(ThreadPoolExecutor.java:1142) [na:1.8.0_74]
	at java.util.concurrent.ThreadPoolExecutor$Worker.run(ThreadPoolExecutor.java:617) [na:1.8.0_74]
	at java.lang.Thread.run(Thread.java:745) [na:1.8.0_74]
Caused by: java.io.FileNotFoundException: Cannot find password file ${qpid.home_dir}/etc/passwd
	at org.apache.qpid.server.security.auth.database.AbstractPasswordFilePrincipalDatabase.open(AbstractPasswordFilePrincipalDatabase.java:62) ~[qpid-broker-core-6.0.6.jar:6.0.6]
	at org.apache.qpid.server.security.auth.manager.PrincipalDatabaseAuthenticationManager.initialise(PrincipalDatabaseAuthenticationManager.java:184) ~[qpid-broker-core-6.0.6.jar:6.0.6]
	... 46 common frames omitted
2017-01-01 20:51:33,557 INFO  [Broker-Config] (q.m.c.created) - [Broker] [vh(/default)/ms(JsonFileConfigStore)] CFG-1001 : Created
2017-01-01 20:51:33,558 INFO  [Broker-Config] (q.m.c.store_location) - [Broker] [vh(/default)/ms(JsonFileConfigStore)] CFG-1002 : Store location : /Users/user/workspace/wgu/delete/cvs-search/work/default/config/
2017-01-01 20:51:33,561 INFO  [Broker-Config] (q.m.c.recovery_start) - [Broker] [vh(/default)/ms(JsonFileConfigStore)] CFG-1004 : Recovery Start
2017-01-01 20:51:33,568 INFO  [Broker-Config] (o.a.q.s.s.GenericStoreUpgrader) - VirtualHost store has model version 6.0. Number of record(s) 5
2017-01-01 20:51:33,574 INFO  [Broker-Config] (q.m.v.created) - [Broker] VHT-1001 : Created : default
2017-01-01 20:51:33,584 INFO  [Broker-Config] (q.m.c.recovery_complete) - [Broker] [vh(/default)/ms(JsonFileConfigStore)] CFG-1005 : Recovery Complete
2017-01-01 20:51:33,608 INFO  [VirtualHostNode-default-Config] (q.m.e.created) - [Broker] EXH-1001 : Create : Durable Type: headers Name: amq.match
2017-01-01 20:51:33,608 INFO  [VirtualHostNode-default-Config] (q.m.e.created) - [Broker] EXH-1001 : Create : Durable Type: topic Name: amq.topic
2017-01-01 20:51:33,609 INFO  [VirtualHostNode-default-Config] (q.m.e.created) - [Broker] EXH-1001 : Create : Durable Type: fanout Name: amq.fanout
2017-01-01 20:51:33,609 INFO  [VirtualHostNode-default-Config] (q.m.e.created) - [Broker] EXH-1001 : Create : Durable Type: direct Name: amq.direct
2017-01-01 20:51:33,627 INFO  [Broker-Config] (q.m.b.listening) - [Broker] BRK-1002 : Starting : Listening on TCP port 5672
2017-01-01 20:51:33,630 INFO  [Broker-Config] (q.m.m.startup) - [Broker] MNG-1001 : Web Management Startup
2017-01-01 20:51:33,847 INFO  [Broker-Config] (q.m.m.listening) - [Broker] MNG-1002 : Starting : HTTP : Listening on TCP port 8080
2017-01-01 20:51:33,851 INFO  [Broker-Config] (q.m.m.ready) - [Broker] MNG-1004 : Web Management Ready
2017-01-01 20:51:33,881 WARN  [VirtualHostNode-default-Config] (DERBY) - os.name=Mac OS X
os.arch=x86_64
os.version=10.12.1

2017-01-01 20:51:34,570 INFO  [VirtualHostNode-default-Config] (q.m.m.created) - [Broker] [vh(/default)/ms(DerbyMessageStore)] MST-1001 : Created
2017-01-01 20:51:34,571 INFO  [VirtualHostNode-default-Config] (q.m.m.store_location) - [Broker] [vh(/default)/ms(DerbyMessageStore)] MST-1002 : Store location : /Users/user/workspace/wgu/delete/cvs-search/work/default/messages
2017-01-01 20:51:34,578 INFO  [VirtualHostNode-default-Config] (q.m.m.recovery_start) - [Broker] [vh(/default)/ms(DerbyMessageStore)] MST-1004 : Recovery Start
2017-01-01 20:51:34,583 INFO  [VirtualHostNode-default-Config] (q.m.t.recovery_start) - [Broker] [vh(/default)/ms(DerbyMessageStore)] TXN-1004 : Recovery Start
2017-01-01 20:51:34,591 INFO  [VirtualHostNode-default-Config] (q.m.t.recovery_complete) - [Broker] [vh(/default)/ms(DerbyMessageStore)] TXN-1006 : Recovery Complete
2017-01-01 20:51:34,592 INFO  [VirtualHostNode-default-Config] (q.m.m.recovered) - [Broker] [vh(/default)/ms(DerbyMessageStore)] MST-1005 : Recovered 0 messages
2017-01-01 20:51:34,592 INFO  [VirtualHostNode-default-Config] (q.m.m.recovery_complete) - [Broker] [vh(/default)/ms(DerbyMessageStore)] MST-1006 : Recovery Complete
2017-01-01 20:51:34,594 WARN  [Broker-Config] (o.a.q.s.m.a.BrokerAdapter) - Broker child object 'passwordFile' of type 'AuthenticationProvider' is ERRORED
2017-01-01 20:51:34,595 INFO  [Broker-Config] (q.m.b.failed_children) - [Broker] BRK-1019 : WARNING - some services were unable to start. The following components are in the ERRORed state [AuthenticationProvider[id=ec576ddd-3c40-4ce8-a03a-e861beb3c925, name=passwordFile, type=PlainPasswordFile]]
2017-01-01 20:51:34,596 INFO  [Broker-Config] (q.m.b.ready) - [Broker] BRK-1004 : Qpid Broker Ready
2017-01-01 20:53:12,089 INFO  [Broker-Config] (q.m.b.shutting_down) - [Shutdown] BRK-1003 : Shutting down : TCP port 5672
2017-01-01 20:53:12,092 INFO  [Broker-Config] (q.m.m.shutting_down) - [Shutdown] MNG-1003 : Shutting down : HTTP : port 8080
2017-01-01 20:53:12,102 WARN  [VirtualHostNode-default-Config] (DERBY) - Sun Jan 01 20:53:12 MST 2017:
Shutting down instance a816c00e-0159-5d4d-c085-00000662a4a8 on database directory /Users/user/workspace/wgu/delete/cvs-search/work/default/messages/default with class loader sun.misc.Launcher$AppClassLoader@18b4aac2 

2017-01-01 20:53:12,107 INFO  [VirtualHostNode-default-Config] (q.m.m.closed) - [Shutdown] [vh(/default)/ms(DerbyMessageStore)] MST-1003 : Closed
2017-01-01 20:53:12,108 INFO  [VirtualHostNode-default-Config] (q.m.v.closed) - [Shutdown] VHT-1002 : Closed : default
2017-01-01 20:53:12,215 INFO  [Broker-Config] (q.m.m.stopped) - [Shutdown] MNG-1005 : Web Management Stopped
2017-01-01 20:53:12,216 INFO  [Broker-Config] (q.m.c.close) - [Shutdown] [vh(/default)/ms(JsonFileConfigStore)] CFG-1003 : Closed
2017-01-01 20:53:12,217 INFO  [Broker-Config] (q.m.b.stopped) - [Shutdown] BRK-1005 : Stopped
2017-01-01 20:54:52,814 INFO  [Broker-Config] (o.a.q.s.s.GenericStoreUpgrader) - Broker store has model version 6.0. Number of record(s) 19
2017-01-01 20:54:52,847 INFO  [Broker-Config] (q.m.a.create) - [Broker] ATH-1001 : Create "passwordFile"
2017-01-01 20:54:52,856 INFO  [Broker-Config] (q.m.p.create) - [Broker] PRT-1001 : Create "HTTP"
2017-01-01 20:54:52,857 INFO  [Broker-Config] (q.m.p.create) - [Broker] PRT-1001 : Create "AMQP"
2017-01-01 20:54:52,950 INFO  [Broker-Config] (q.m.b.config) - [Broker] BRK-1006 : Using configuration : /Users/user/workspace/wgu/delete/cvs-search/work/config.json
2017-01-01 20:54:53,099 WARN  [Broker-Config] (o.a.q.s.s.e.AESKeyFileEncrypterFactory) - The AESKeyFile configuration encryption encryption mechanism is not available. Maximum available AES key length is 128 but 256 is required.Ensure the full strength JCE policy has been installed into your JVM.
2017-01-01 20:54:53,100 INFO  [Broker-Config] (q.m.b.startup) - [Broker] BRK-1001 : Startup : Version: 6.0.6 Build: 1775148
2017-01-01 20:54:53,102 INFO  [Broker-Config] (q.m.b.platform) - [Broker] BRK-1010 : Platform : JVM : Oracle Corporation version: 1.8.0_74-b02 OS : Mac OS X version: 10.12.1 arch: x86_64 cores: 8
2017-01-01 20:54:53,103 INFO  [Broker-Config] (q.m.b.max_memory) - [Broker] BRK-1011 : Maximum Memory : Heap : 3,817,865,216 bytes Direct : 3,817,865,216 bytes
2017-01-01 20:54:53,104 INFO  [Broker-Config] (q.m.b.process) - [Broker] BRK-1017 : Process : PID : 92584
2017-01-01 20:54:53,120 ERROR [Broker-Config] (o.a.q.s.m.AbstractConfiguredObject) - Failed to open object with name 'passwordFile'.  Object will be put into ERROR state.
org.apache.qpid.server.configuration.IllegalConfigurationException: Exception opening password database: Cannot find password file ${qpid.home_dir}/etc/passwd
	at org.apache.qpid.server.security.auth.manager.PrincipalDatabaseAuthenticationManager.initialise(PrincipalDatabaseAuthenticationManager.java:188) ~[qpid-broker-core-6.0.6.jar:6.0.6]
	at org.apache.qpid.server.security.auth.manager.PrincipalDatabaseAuthenticationManager.onOpen(PrincipalDatabaseAuthenticationManager.java:155) ~[qpid-broker-core-6.0.6.jar:6.0.6]
	at org.apache.qpid.server.model.AbstractConfiguredObject.doOpening(AbstractConfiguredObject.java:924) [qpid-broker-core-6.0.6.jar:6.0.6]
	at org.apache.qpid.server.model.AbstractConfiguredObject$9.performAction(AbstractConfiguredObject.java:936) [qpid-broker-core-6.0.6.jar:6.0.6]
	at org.apache.qpid.server.model.AbstractConfiguredObject$9.performAction(AbstractConfiguredObject.java:927) [qpid-broker-core-6.0.6.jar:6.0.6]
	at org.apache.qpid.server.model.AbstractConfiguredObject.applyToChildren(AbstractConfiguredObject.java:1067) [qpid-broker-core-6.0.6.jar:6.0.6]
	at org.apache.qpid.server.model.AbstractConfiguredObject.doOpening(AbstractConfiguredObject.java:926) [qpid-broker-core-6.0.6.jar:6.0.6]
	at org.apache.qpid.server.model.AbstractConfiguredObject$1.execute(AbstractConfiguredObject.java:472) [qpid-broker-core-6.0.6.jar:6.0.6]
	at org.apache.qpid.server.model.AbstractConfiguredObject$1.execute(AbstractConfiguredObject.java:460) [qpid-broker-core-6.0.6.jar:6.0.6]
	at org.apache.qpid.server.model.AbstractConfiguredObject$2.execute(AbstractConfiguredObject.java:521) [qpid-broker-core-6.0.6.jar:6.0.6]
	at org.apache.qpid.server.model.AbstractConfiguredObject$2.execute(AbstractConfiguredObject.java:514) [qpid-broker-core-6.0.6.jar:6.0.6]
	at org.apache.qpid.server.configuration.updater.TaskExecutorImpl$TaskLoggingWrapper.execute(TaskExecutorImpl.java:270) [qpid-broker-core-6.0.6.jar:6.0.6]
	at org.apache.qpid.server.configuration.updater.TaskExecutorImpl.submitWrappedTask(TaskExecutorImpl.java:154) [qpid-broker-core-6.0.6.jar:6.0.6]
	at org.apache.qpid.server.configuration.updater.TaskExecutorImpl.submit(TaskExecutorImpl.java:142) [qpid-broker-core-6.0.6.jar:6.0.6]
	at org.apache.qpid.server.model.AbstractConfiguredObject.doOnConfigThread(AbstractConfiguredObject.java:513) [qpid-broker-core-6.0.6.jar:6.0.6]
	at org.apache.qpid.server.model.AbstractConfiguredObject.openAsync(AbstractConfiguredObject.java:459) [qpid-broker-core-6.0.6.jar:6.0.6]
	at org.apache.qpid.server.model.AbstractSystemConfig.activate(AbstractSystemConfig.java:237) [qpid-broker-core-6.0.6.jar:6.0.6]
	at sun.reflect.NativeMethodAccessorImpl.invoke0(Native Method) ~[na:1.8.0_74]
	at sun.reflect.NativeMethodAccessorImpl.invoke(NativeMethodAccessorImpl.java:62) ~[na:1.8.0_74]
	at sun.reflect.DelegatingMethodAccessorImpl.invoke(DelegatingMethodAccessorImpl.java:43) ~[na:1.8.0_74]
	at java.lang.reflect.Method.invoke(Method.java:498) ~[na:1.8.0_74]
	at org.apache.qpid.server.model.AbstractConfiguredObject.attainState(AbstractConfiguredObject.java:1266) [qpid-broker-core-6.0.6.jar:6.0.6]
	at org.apache.qpid.server.model.AbstractConfiguredObject.attainState(AbstractConfiguredObject.java:1245) [qpid-broker-core-6.0.6.jar:6.0.6]
	at org.apache.qpid.server.model.AbstractConfiguredObject$8.onSuccess(AbstractConfiguredObject.java:864) [qpid-broker-core-6.0.6.jar:6.0.6]
	at org.apache.qpid.server.model.AbstractConfiguredObject$8.onSuccess(AbstractConfiguredObject.java:858) [qpid-broker-core-6.0.6.jar:6.0.6]
	at com.google.common.util.concurrent.Futures$6.run(Futures.java:1319) [guava-18.0.jar:na]
	at com.google.common.util.concurrent.MoreExecutors$DirectExecutor.execute(MoreExecutors.java:457) [guava-18.0.jar:na]
	at com.google.common.util.concurrent.ExecutionList.executeListener(ExecutionList.java:156) [guava-18.0.jar:na]
	at com.google.common.util.concurrent.ExecutionList.add(ExecutionList.java:101) [guava-18.0.jar:na]
	at com.google.common.util.concurrent.AbstractFuture.addListener(AbstractFuture.java:170) [guava-18.0.jar:na]
	at com.google.common.util.concurrent.Futures.addCallback(Futures.java:1322) [guava-18.0.jar:na]
	at com.google.common.util.concurrent.Futures.addCallback(Futures.java:1258) [guava-18.0.jar:na]
	at org.apache.qpid.server.model.AbstractConfiguredObject.doAttainState(AbstractConfiguredObject.java:857) [qpid-broker-core-6.0.6.jar:6.0.6]
	at org.apache.qpid.server.model.AbstractConfiguredObject.access$300(AbstractConfiguredObject.java:78) [qpid-broker-core-6.0.6.jar:6.0.6]
	at org.apache.qpid.server.model.AbstractConfiguredObject$1.execute(AbstractConfiguredObject.java:473) [qpid-broker-core-6.0.6.jar:6.0.6]
	at org.apache.qpid.server.model.AbstractConfiguredObject$1.execute(AbstractConfiguredObject.java:460) [qpid-broker-core-6.0.6.jar:6.0.6]
	at org.apache.qpid.server.model.AbstractConfiguredObject$2.execute(AbstractConfiguredObject.java:521) [qpid-broker-core-6.0.6.jar:6.0.6]
	at org.apache.qpid.server.model.AbstractConfiguredObject$2.execute(AbstractConfiguredObject.java:514) [qpid-broker-core-6.0.6.jar:6.0.6]
	at org.apache.qpid.server.configuration.updater.TaskExecutorImpl$TaskLoggingWrapper.execute(TaskExecutorImpl.java:270) [qpid-broker-core-6.0.6.jar:6.0.6]
	at org.apache.qpid.server.configuration.updater.TaskExecutorImpl$CallableWrapper$1.run(TaskExecutorImpl.java:342) [qpid-broker-core-6.0.6.jar:6.0.6]
	at java.security.AccessController.doPrivileged(Native Method) [na:1.8.0_74]
	at javax.security.auth.Subject.doAs(Subject.java:360) [na:1.8.0_74]
	at org.apache.qpid.server.configuration.updater.TaskExecutorImpl$CallableWrapper.call(TaskExecutorImpl.java:335) [qpid-broker-core-6.0.6.jar:6.0.6]
	at java.util.concurrent.FutureTask.run(FutureTask.java:266) [na:1.8.0_74]
	at java.util.concurrent.ThreadPoolExecutor.runWorker(ThreadPoolExecutor.java:1142) [na:1.8.0_74]
	at java.util.concurrent.ThreadPoolExecutor$Worker.run(ThreadPoolExecutor.java:617) [na:1.8.0_74]
	at java.lang.Thread.run(Thread.java:745) [na:1.8.0_74]
Caused by: java.io.FileNotFoundException: Cannot find password file ${qpid.home_dir}/etc/passwd
	at org.apache.qpid.server.security.auth.database.AbstractPasswordFilePrincipalDatabase.open(AbstractPasswordFilePrincipalDatabase.java:62) ~[qpid-broker-core-6.0.6.jar:6.0.6]
	at org.apache.qpid.server.security.auth.manager.PrincipalDatabaseAuthenticationManager.initialise(PrincipalDatabaseAuthenticationManager.java:184) ~[qpid-broker-core-6.0.6.jar:6.0.6]
	... 46 common frames omitted
2017-01-01 20:54:53,131 INFO  [Broker-Config] (q.m.c.created) - [Broker] [vh(/default)/ms(JsonFileConfigStore)] CFG-1001 : Created
2017-01-01 20:54:53,132 INFO  [Broker-Config] (q.m.c.store_location) - [Broker] [vh(/default)/ms(JsonFileConfigStore)] CFG-1002 : Store location : /Users/user/workspace/wgu/delete/cvs-search/work/default/config/
2017-01-01 20:54:53,132 INFO  [Broker-Config] (q.m.c.recovery_start) - [Broker] [vh(/default)/ms(JsonFileConfigStore)] CFG-1004 : Recovery Start
2017-01-01 20:54:53,137 INFO  [Broker-Config] (o.a.q.s.s.GenericStoreUpgrader) - VirtualHost store has model version 6.0. Number of record(s) 5
2017-01-01 20:54:53,141 INFO  [Broker-Config] (q.m.v.created) - [Broker] VHT-1001 : Created : default
2017-01-01 20:54:53,148 INFO  [Broker-Config] (q.m.c.recovery_complete) - [Broker] [vh(/default)/ms(JsonFileConfigStore)] CFG-1005 : Recovery Complete
2017-01-01 20:54:53,170 INFO  [VirtualHostNode-default-Config] (q.m.e.created) - [Broker] EXH-1001 : Create : Durable Type: headers Name: amq.match
2017-01-01 20:54:53,170 INFO  [VirtualHostNode-default-Config] (q.m.e.created) - [Broker] EXH-1001 : Create : Durable Type: topic Name: amq.topic
2017-01-01 20:54:53,171 INFO  [VirtualHostNode-default-Config] (q.m.e.created) - [Broker] EXH-1001 : Create : Durable Type: fanout Name: amq.fanout
2017-01-01 20:54:53,171 INFO  [VirtualHostNode-default-Config] (q.m.e.created) - [Broker] EXH-1001 : Create : Durable Type: direct Name: amq.direct
2017-01-01 20:54:53,190 INFO  [Broker-Config] (q.m.b.listening) - [Broker] BRK-1002 : Starting : Listening on TCP port 5672
2017-01-01 20:54:53,194 INFO  [Broker-Config] (q.m.m.startup) - [Broker] MNG-1001 : Web Management Startup
2017-01-01 20:54:53,418 INFO  [Broker-Config] (q.m.m.listening) - [Broker] MNG-1002 : Starting : HTTP : Listening on TCP port 8080
2017-01-01 20:54:53,419 INFO  [Broker-Config] (q.m.m.ready) - [Broker] MNG-1004 : Web Management Ready
2017-01-01 20:54:53,436 WARN  [VirtualHostNode-default-Config] (DERBY) - os.name=Mac OS X
os.arch=x86_64
os.version=10.12.1

2017-01-01 20:54:53,899 INFO  [VirtualHostNode-default-Config] (q.m.m.created) - [Broker] [vh(/default)/ms(DerbyMessageStore)] MST-1001 : Created
2017-01-01 20:54:53,900 INFO  [VirtualHostNode-default-Config] (q.m.m.store_location) - [Broker] [vh(/default)/ms(DerbyMessageStore)] MST-1002 : Store location : /Users/user/workspace/wgu/delete/cvs-search/work/default/messages
2017-01-01 20:54:53,909 INFO  [VirtualHostNode-default-Config] (q.m.m.recovery_start) - [Broker] [vh(/default)/ms(DerbyMessageStore)] MST-1004 : Recovery Start
2017-01-01 20:54:53,919 INFO  [VirtualHostNode-default-Config] (q.m.t.recovery_start) - [Broker] [vh(/default)/ms(DerbyMessageStore)] TXN-1004 : Recovery Start
2017-01-01 20:54:53,934 INFO  [VirtualHostNode-default-Config] (q.m.t.recovery_complete) - [Broker] [vh(/default)/ms(DerbyMessageStore)] TXN-1006 : Recovery Complete
2017-01-01 20:54:53,935 INFO  [VirtualHostNode-default-Config] (q.m.m.recovered) - [Broker] [vh(/default)/ms(DerbyMessageStore)] MST-1005 : Recovered 0 messages
2017-01-01 20:54:53,935 INFO  [VirtualHostNode-default-Config] (q.m.m.recovery_complete) - [Broker] [vh(/default)/ms(DerbyMessageStore)] MST-1006 : Recovery Complete
2017-01-01 20:54:53,937 WARN  [Broker-Config] (o.a.q.s.m.a.BrokerAdapter) - Broker child object 'passwordFile' of type 'AuthenticationProvider' is ERRORED
2017-01-01 20:54:53,940 INFO  [Broker-Config] (q.m.b.failed_children) - [Broker] BRK-1019 : WARNING - some services were unable to start. The following components are in the ERRORed state [AuthenticationProvider[id=ec576ddd-3c40-4ce8-a03a-e861beb3c925, name=passwordFile, type=PlainPasswordFile]]
2017-01-01 20:54:53,941 INFO  [Broker-Config] (q.m.b.ready) - [Broker] BRK-1004 : Qpid Broker Ready
2017-01-01 20:55:03,610 INFO  [Broker-Config] (q.m.b.shutting_down) - [Shutdown] BRK-1003 : Shutting down : TCP port 5672
2017-01-01 20:55:03,619 INFO  [Broker-Config] (q.m.m.shutting_down) - [Shutdown] MNG-1003 : Shutting down : HTTP : port 8080
2017-01-01 20:55:03,626 WARN  [VirtualHostNode-default-Config] (DERBY) - Sun Jan 01 20:55:03 MST 2017:
Shutting down instance a816c00e-0159-5d50-cc10-0000065816e0 on database directory /Users/user/workspace/wgu/delete/cvs-search/work/default/messages/default with class loader sun.misc.Launcher$AppClassLoader@18b4aac2 

2017-01-01 20:55:03,637 INFO  [VirtualHostNode-default-Config] (q.m.m.closed) - [Shutdown] [vh(/default)/ms(DerbyMessageStore)] MST-1003 : Closed
2017-01-01 20:55:03,642 INFO  [VirtualHostNode-default-Config] (q.m.v.closed) - [Shutdown] VHT-1002 : Closed : default
2017-01-01 20:55:03,824 INFO  [Broker-Config] (q.m.m.stopped) - [Shutdown] MNG-1005 : Web Management Stopped
2017-01-01 20:55:03,825 INFO  [Broker-Config] (q.m.c.close) - [Shutdown] [vh(/default)/ms(JsonFileConfigStore)] CFG-1003 : Closed
2017-01-01 20:55:03,826 INFO  [Broker-Config] (q.m.b.stopped) - [Shutdown] BRK-1005 : Stopped
